\BOOKMARK [0][-]{chapter.1}{Metodo Analitico}{}% 1
\BOOKMARK [0][-]{chapter.2}{Contesto teorico}{}% 2
\BOOKMARK [1][-]{section.2.1}{Problema ristretto circolare piano}{chapter.2}% 3
\BOOKMARK [1][-]{section.2.2}{Punti di equilibrio lagrangiani}{chapter.2}% 4
\BOOKMARK [1][-]{section.2.3}{Verso l'hamiltoniana in forma normale}{chapter.2}% 5
\BOOKMARK [0][-]{chapter.3}{Studio della stabilit\340 di L4}{}% 6
\BOOKMARK [1][-]{section.3.1}{Costruzione della forma normale}{chapter.3}% 7
\BOOKMARK [2][-]{subsection.3.1.1}{Metodo di Birkhoff}{section.3.1}% 8
\BOOKMARK [2][-]{subsection.3.1.2}{Operatore di Lie}{section.3.1}% 9
\BOOKMARK [2][-]{subsection.3.1.3}{Applicazione del metodo di Birkhoff}{section.3.1}% 10
\BOOKMARK [1][-]{section.3.2}{Integrali del moto: le azioni}{chapter.3}% 11
\BOOKMARK [1][-]{section.3.3}{Dominio e introduzione di una norma}{chapter.3}% 12
\BOOKMARK [1][-]{section.3.4}{Stima del "tempo di fuga" di un'orbita}{chapter.3}% 13
\BOOKMARK [2][-]{subsection.3.4.1}{Massimizzazzione della velocit\340 delle azioni}{section.3.4}% 14
\BOOKMARK [1][-]{section.3.5}{Risultati}{chapter.3}% 15
\BOOKMARK [2][-]{subsection.3.5.1}{Risultati generali riguardo il tempo e la regione di stabilit\340}{section.3.5}% 16
\BOOKMARK [2][-]{subsection.3.5.2}{Risultati per il problema di stabilit\340 di L4}{section.3.5}% 17
\BOOKMARK [2][-]{subsection.3.5.3}{Confronto con gli asteroidi esistenti}{section.3.5}% 18
\BOOKMARK [0][-]{appendix.Alph1}{Triangolo risolutivo della trasformata di Lie}{}% 19
\BOOKMARK [0][-]{appendix.Alph2}{Limitatezza delle funzioni in forma normale}{}% 20
